<?xml version="1.0" encoding="UTF-8"?>
<!-- Generated by org.testng.reporters.JUnitReportReporter -->
<testsuite hostname="Prasens-MacBook-Pro.local" name="test.MavenTest1" tests="1" failures="0" timestamp="13 Apr 2017 12:42:47 GMT" time="4.935" errors="0">
  <testcase name="Login" time="4.935" classname="test.MavenTest1"/>
</testsuite> <!-- test.MavenTest1 -->
